<?xml version="1.0" encoding="UTF-8"?>
<!-- Generated by org.testng.reporters.JUnitReportReporter -->
<testsuite hostname="DESKTOP-LLI844K" failures="0" tests="1" name="TestNGCheck" time="0.039" errors="0" timestamp="2025-04-19T19:13:48 IST" skipped="0">
  <testcase classname="TestNGCheck" name="DryRunCheck" time="0.039"/>
</testsuite> <!-- TestNGCheck -->
