<?xml version="1.0" encoding="UTF-8"?>
<!-- Generated by org.testng.reporters.JUnitReportReporter -->
<testsuite hostname="LIN-5CG1349P9X" failures="0" tests="1" name="windowHandles.SingleWindowHandle" time="39.672" errors="0" timestamp="2024-12-05T13:59:29 IST" skipped="0">
  <testcase classname="windowHandles.SingleWindowHandle" name="Windows" time="39.672"/>
  <system-out/>
</testsuite> <!-- windowHandles.SingleWindowHandle -->
